\BOOKMARK [1][-]{section*.1}{Introduction}{}% 1
\BOOKMARK [1][-]{section*.2}{Probabilit\351s}{}% 2
\BOOKMARK [2][-]{section*.3}{Question 1}{section*.2}% 3
\BOOKMARK [1][-]{section*.4}{Variante s\351quentielle}{}% 4
\BOOKMARK [2][-]{section*.5}{Question 2}{section*.4}% 5
\BOOKMARK [2][-]{section*.6}{Question 3}{section*.4}% 6
\BOOKMARK [2][-]{section*.7}{Question 4}{section*.4}% 7
\BOOKMARK [2][-]{section*.8}{Question 5}{section*.4}% 8
\BOOKMARK [2][-]{section*.9}{Question 6}{section*.4}% 9
\BOOKMARK [2][-]{section*.10}{Mise en \234uvre : questions 7, 8 et 9}{section*.4}% 10
\BOOKMARK [1][-]{section*.11}{Variante simultan\351e}{}% 11
\BOOKMARK [2][-]{section*.12}{Question 10}{section*.11}% 12
\BOOKMARK [2][-]{section*.13}{Question 11}{section*.11}% 13
\BOOKMARK [2][-]{section*.14}{Question 12}{section*.11}% 14
\BOOKMARK [2][-]{section*.15}{Mise en \234uvre : questions 13 et 14}{section*.11}% 15
\BOOKMARK [2][-]{section*.16}{Question 15}{section*.11}% 16
\BOOKMARK [2][-]{section*.17}{Question 16}{section*.11}% 17
\BOOKMARK [2][-]{section*.18}{Question 17}{section*.11}% 18
\BOOKMARK [2][-]{section*.19}{Question 18}{section*.11}% 19
\BOOKMARK [2][-]{section*.20}{Question 19}{section*.11}% 20
\BOOKMARK [1][-]{section*.21}{Question 20}{}% 21
